<?xml version="1.0" encoding="UTF-8"?>
<!-- Generated by org.testng.reporters.JUnitReportReporter -->
<testsuite hostname="DESKTOP-QS2AGGF" name="childhomecare.admintestcases.DashboardPageTest" tests="2" failures="0" timestamp="16 Dec 2019 13:18:05 GMT" time="39.539" errors="0">
  <testcase name="NavigateToClientPageTest" time="21.720" classname="childhomecare.admintestcases.DashboardPageTest"/>
  <testcase name="VerifyDashBoardPageTitleTest" time="17.819" classname="childhomecare.admintestcases.DashboardPageTest"/>
</testsuite> <!-- childhomecare.admintestcases.DashboardPageTest -->
