<?xml version="1.0" encoding="UTF-8"?>
<!-- Generated by org.testng.reporters.JUnitReportReporter -->
<testsuite hostname="DESKTOP-QS2AGGF" name="childhomecare.testcases.DashboardPageTest" tests="2" failures="0" timestamp="5 Dec 2019 06:10:49 GMT" time="43.993" errors="0">
  <testcase name="VerifyDashBoardPageTitleTest" time="21.804" classname="childhomecare.testcases.DashboardPageTest"/>
  <testcase name="NavigateToClientPageTest" time="22.189" classname="childhomecare.testcases.DashboardPageTest"/>
</testsuite> <!-- childhomecare.testcases.DashboardPageTest -->
