<?xml version="1.0" encoding="UTF-8"?>
<!-- Generated by org.testng.reporters.JUnitReportReporter -->
<testsuite hostname="DESKTOP-QS2AGGF" name="childhomecare.sittertestcases.SitterDashboardPageTest" tests="1" failures="0" timestamp="6 Dec 2019 03:02:02 GMT" time="0.883" errors="0">
  <testcase name="VerifyCorrectSitterLevel" time="0.883" classname="childhomecare.sittertestcases.SitterDashboardPageTest"/>
</testsuite> <!-- childhomecare.sittertestcases.SitterDashboardPageTest -->
