<?xml version="1.0" encoding="UTF-8"?>
<!-- Generated by org.testng.reporters.JUnitReportReporter -->
<testsuite hostname="DESKTOP-QS2AGGF" name="childhomecare.admintestcases.ClientProfilePageTest" tests="1" failures="0" timestamp="26 Dec 2019 05:59:50 GMT" time="25.520" errors="0">
  <testcase name="AddParent" time="25.520" classname="childhomecare.admintestcases.ClientProfilePageTest"/>
</testsuite> <!-- childhomecare.admintestcases.ClientProfilePageTest -->
