<?xml version="1.0" encoding="UTF-8"?>
<!-- Generated by org.testng.reporters.JUnitReportReporter -->
<testsuite hostname="DESKTOP-QS2AGGF" name="childhomecare.admintestcases.FamilyInformationPageTest" tests="1" failures="0" timestamp="3 Mar 2020 15:39:45 GMT" time="24.088" errors="0">
  <testcase name="AddParent" time="24.088" classname="childhomecare.admintestcases.FamilyInformationPageTest"/>
</testsuite> <!-- childhomecare.admintestcases.FamilyInformationPageTest -->
