<?xml version="1.0" encoding="UTF-8"?>
<!-- Generated by org.testng.reporters.JUnitReportReporter -->
<testsuite hostname="DESKTOP-QS2AGGF" name="childhomecare.admintestcases.LoginPageTest" tests="1" failures="0" timestamp="20 Mar 2020 10:53:50 GMT" time="17.238" errors="0">
  <testcase name="verifyLoginPageTitleTest" time="17.238" classname="childhomecare.admintestcases.LoginPageTest"/>
</testsuite> <!-- childhomecare.admintestcases.LoginPageTest -->
