<?xml version="1.0" encoding="UTF-8"?>
<!-- Generated by org.testng.reporters.JUnitReportReporter -->
<testsuite hostname="DESKTOP-QS2AGGF" name="childhomecare.admintestcases.DashboardPageTest" tests="2" failures="0" timestamp="3 Mar 2020 11:24:39 GMT" time="31.965" errors="0">
  <testcase name="VerifyDashBoardPageTitleTest" time="15.378" classname="childhomecare.admintestcases.DashboardPageTest"/>
  <testcase name="NavigateToClientPageTest" time="16.587" classname="childhomecare.admintestcases.DashboardPageTest"/>
</testsuite> <!-- childhomecare.admintestcases.DashboardPageTest -->
