<?xml version="1.0" encoding="UTF-8"?>
<!-- Generated by org.testng.reporters.JUnitReportReporter -->
<testsuite hostname="DESKTOP-QS2AGGF" name="Practice.Practice" tests="1" failures="0" timestamp="23 Dec 2019 15:49:17 GMT" time="20.426" errors="0">
  <testcase name="practicewithAdministratiorPage" time="20.426" classname="Practice.Practice"/>
</testsuite> <!-- Practice.Practice -->
