<?xml version="1.0" encoding="UTF-8"?>
<!-- Generated by org.testng.reporters.JUnitReportReporter -->
<testsuite hostname="DESKTOP-QS2AGGF" name="childhomecare.admintestcases.LoginPageTest" tests="1" failures="0" timestamp="17 Dec 2019 12:50:30 GMT" time="23.143" errors="0">
  <testcase name="VerifyLoginTest" time="23.143" classname="childhomecare.admintestcases.LoginPageTest"/>
</testsuite> <!-- childhomecare.admintestcases.LoginPageTest -->
