<?xml version="1.0" encoding="UTF-8"?>
<!-- Generated by org.testng.reporters.JUnitReportReporter -->
<testsuite hostname="DESKTOP-QS2AGGF" name="childhomecare.admintestcases.AdminClientBuyPackageTest" tests="7" failures="0" timestamp="14 May 2020 09:35:22 GMT" time="187.605" errors="0">
  <testcase name="VerifyActionColumnPresentorNotTest" time="14.471" classname="childhomecare.admintestcases.AdminClientBuyPackageTest"/>
  <testcase name="VerifyTitleColumnPresentorNotTest" time="36.870" classname="childhomecare.admintestcases.AdminClientBuyPackageTest"/>
  <testcase name="VerifyNoOfSessionsColumnPresentorNotTest" time="29.226" classname="childhomecare.admintestcases.AdminClientBuyPackageTest"/>
  <testcase name="VerifyPriceIDColumnPresentorNotTest" time="16.797" classname="childhomecare.admintestcases.AdminClientBuyPackageTest"/>
  <testcase name="VerifyServiceCategoryColumnPresentorNotTest" time="26.185" classname="childhomecare.admintestcases.AdminClientBuyPackageTest"/>
  <testcase name="VerifyAppointmentTypeColumnPresentorNotTest" time="50.953" classname="childhomecare.admintestcases.AdminClientBuyPackageTest"/>
  <testcase name="VerifyPriceColumnPresentorNotTest" time="13.103" classname="childhomecare.admintestcases.AdminClientBuyPackageTest"/>
</testsuite> <!-- childhomecare.admintestcases.AdminClientBuyPackageTest -->
