<?xml version="1.0" encoding="UTF-8"?>
<!-- Generated by org.testng.reporters.JUnitReportReporter -->
<testsuite hostname="DESKTOP-QS2AGGF" name="childhomecare.testcases.ClientPageTest" tests="1" failures="0" timestamp="5 Dec 2019 06:10:49 GMT" time="28.356" errors="0">
  <testcase name="AddClientTest" time="28.356" classname="childhomecare.testcases.ClientPageTest"/>
</testsuite> <!-- childhomecare.testcases.ClientPageTest -->
