<?xml version="1.0" encoding="UTF-8"?>
<!-- Generated by org.testng.reporters.JUnitReportReporter -->
<testsuite hostname="DESKTOP-QS2AGGF" name="childhomecare.testcases.SitterPageTest" tests="1" failures="0" timestamp="5 Dec 2019 13:58:18 GMT" time="40.041" errors="0">
  <testcase name="AddSitterTest" time="40.041" classname="childhomecare.testcases.SitterPageTest"/>
</testsuite> <!-- childhomecare.testcases.SitterPageTest -->
